<?xml version="1.0" encoding="UTF-8"?>
<!-- Generated by org.testng.reporters.JUnitReportReporter -->
<testsuite hostname="DESKTOP-JD4STBB" failures="0" tests="1" name="com.runner.PBLogoutRunner" time="0.020" errors="0" timestamp="17 Oct 2024 23:31:08 GMT" skipped="0">
  <testcase classname="com.runner.PBLogoutRunner" name="runScenario" time="0.020"/>
</testsuite> <!-- com.runner.PBLogoutRunner -->
