<?xml version="1.0" encoding="UTF-8"?>
<!-- Generated by org.testng.reporters.JUnitReportReporter -->
<testsuite hostname="DESKTOP-JD4STBB" failures="0" tests="3" name="com.runner.RunnerAllFeature" time="0.258" errors="0" timestamp="17 Oct 2024 04:10:03 GMT" skipped="0">
  <testcase classname="com.runner.RunnerAllFeature" name="runScenario" time="0.019"/>
  <testcase classname="com.runner.RunnerAllFeature" name="runScenario" time="0.030"/>
  <testcase classname="com.runner.RunnerAllFeature" name="runScenario" time="0.209"/>
</testsuite> <!-- com.runner.RunnerAllFeature -->
